2020-08-08 15:40:35 [scrapy.utils.log] INFO: Scrapy 2.3.0 started (bot: bookparser)
2020-08-08 15:40:35 [scrapy.utils.log] INFO: Versions: lxml 4.5.2.0, libxml2 2.9.5, cssselect 1.1.0, parsel 1.6.0, w3lib 1.22.0, Twisted 20.3.0, Python 3.8.3 (tags/v3.8.3:6f8c832, May 13 2020, 22:37:02) [MSC v.1924 64 bit (AMD64)], pyOpenSSL 19.1.0 (OpenSSL 1.1.1g  21 Apr 2020), cryptography 3.0, Platform Windows-10-10.0.18362-SP0
2020-08-08 15:40:35 [scrapy.utils.log] DEBUG: Using reactor: twisted.internet.selectreactor.SelectReactor
2020-08-08 15:40:35 [scrapy.crawler] INFO: Overridden settings:
{'BOT_NAME': 'bookparser',
 'DOWNLOAD_DELAY': 1,
 'LOG_FILE': 'bookparse_log.txt',
 'NEWSPIDER_MODULE': 'bookparser.spiders',
 'SPIDER_MODULES': ['bookparser.spiders'],
 'USER_AGENT': 'Mozilla/5.0 (Windows NT 10.0; Win64; x64) AppleWebKit/537.36 '
               '(KHTML, like Gecko) Chrome/84.0.4147.105 Safari/537.36'}
2020-08-08 15:40:35 [scrapy.extensions.telnet] INFO: Telnet Password: 57156122005e41af
2020-08-08 15:40:35 [scrapy.middleware] INFO: Enabled extensions:
['scrapy.extensions.corestats.CoreStats',
 'scrapy.extensions.telnet.TelnetConsole',
 'scrapy.extensions.logstats.LogStats']
2020-08-08 15:40:35 [scrapy.middleware] INFO: Enabled downloader middlewares:
['scrapy.downloadermiddlewares.httpauth.HttpAuthMiddleware',
 'scrapy.downloadermiddlewares.downloadtimeout.DownloadTimeoutMiddleware',
 'scrapy.downloadermiddlewares.defaultheaders.DefaultHeadersMiddleware',
 'scrapy.downloadermiddlewares.useragent.UserAgentMiddleware',
 'scrapy.downloadermiddlewares.retry.RetryMiddleware',
 'scrapy.downloadermiddlewares.redirect.MetaRefreshMiddleware',
 'scrapy.downloadermiddlewares.httpcompression.HttpCompressionMiddleware',
 'scrapy.downloadermiddlewares.redirect.RedirectMiddleware',
 'scrapy.downloadermiddlewares.cookies.CookiesMiddleware',
 'scrapy.downloadermiddlewares.httpproxy.HttpProxyMiddleware',
 'scrapy.downloadermiddlewares.stats.DownloaderStats']
2020-08-08 15:40:35 [scrapy.middleware] INFO: Enabled spider middlewares:
['scrapy.spidermiddlewares.httperror.HttpErrorMiddleware',
 'scrapy.spidermiddlewares.offsite.OffsiteMiddleware',
 'scrapy.spidermiddlewares.referer.RefererMiddleware',
 'scrapy.spidermiddlewares.urllength.UrlLengthMiddleware',
 'scrapy.spidermiddlewares.depth.DepthMiddleware']
2020-08-08 15:40:35 [scrapy.middleware] INFO: Enabled item pipelines:
[]
2020-08-08 15:40:35 [scrapy.core.engine] INFO: Spider opened
2020-08-08 15:40:35 [scrapy.extensions.logstats] INFO: Crawled 0 pages (at 0 pages/min), scraped 0 items (at 0 items/min)
2020-08-08 15:40:35 [scrapy.extensions.telnet] INFO: Telnet console listening on 127.0.0.1:6023
2020-08-08 15:40:36 [scrapy.core.engine] DEBUG: Crawled (200) <GET https://www.labirint.ru/search/%D0%B4%D0%B5%D1%82%D0%B5%D0%BA%D1%82%D0%B8%D0%B2/?stype=0> (referer: None)
2020-08-08 15:40:36 [scrapy.core.engine] INFO: Closing spider (finished)
2020-08-08 15:40:36 [scrapy.statscollectors] INFO: Dumping Scrapy stats:
{'downloader/request_bytes': 360,
 'downloader/request_count': 1,
 'downloader/request_method_count/GET': 1,
 'downloader/response_bytes': 85513,
 'downloader/response_count': 1,
 'downloader/response_status_count/200': 1,
 'elapsed_time_seconds': 0.887436,
 'finish_reason': 'finished',
 'finish_time': datetime.datetime(2020, 8, 8, 8, 40, 36, 401745),
 'log_count/DEBUG': 1,
 'log_count/INFO': 10,
 'response_received_count': 1,
 'scheduler/dequeued': 1,
 'scheduler/dequeued/memory': 1,
 'scheduler/enqueued': 1,
 'scheduler/enqueued/memory': 1,
 'start_time': datetime.datetime(2020, 8, 8, 8, 40, 35, 514309)}
2020-08-08 15:40:36 [scrapy.core.engine] INFO: Spider closed (finished)
2020-08-08 15:41:23 [scrapy.utils.log] INFO: Scrapy 2.3.0 started (bot: bookparser)
2020-08-08 15:41:23 [scrapy.utils.log] INFO: Versions: lxml 4.5.2.0, libxml2 2.9.5, cssselect 1.1.0, parsel 1.6.0, w3lib 1.22.0, Twisted 20.3.0, Python 3.8.3 (tags/v3.8.3:6f8c832, May 13 2020, 22:37:02) [MSC v.1924 64 bit (AMD64)], pyOpenSSL 19.1.0 (OpenSSL 1.1.1g  21 Apr 2020), cryptography 3.0, Platform Windows-10-10.0.18362-SP0
2020-08-08 15:41:23 [scrapy.utils.log] DEBUG: Using reactor: twisted.internet.selectreactor.SelectReactor
2020-08-08 15:41:23 [scrapy.crawler] INFO: Overridden settings:
{'BOT_NAME': 'bookparser',
 'DOWNLOAD_DELAY': 1,
 'LOG_FILE': 'bookparse_log.txt',
 'NEWSPIDER_MODULE': 'bookparser.spiders',
 'SPIDER_MODULES': ['bookparser.spiders'],
 'USER_AGENT': 'Mozilla/5.0 (Windows NT 10.0; Win64; x64) AppleWebKit/537.36 '
               '(KHTML, like Gecko) Chrome/84.0.4147.105 Safari/537.36'}
2020-08-08 15:41:23 [scrapy.extensions.telnet] INFO: Telnet Password: c84a16b9c0453274
2020-08-08 15:41:23 [scrapy.middleware] INFO: Enabled extensions:
['scrapy.extensions.corestats.CoreStats',
 'scrapy.extensions.telnet.TelnetConsole',
 'scrapy.extensions.logstats.LogStats']
2020-08-08 15:41:23 [scrapy.middleware] INFO: Enabled downloader middlewares:
['scrapy.downloadermiddlewares.httpauth.HttpAuthMiddleware',
 'scrapy.downloadermiddlewares.downloadtimeout.DownloadTimeoutMiddleware',
 'scrapy.downloadermiddlewares.defaultheaders.DefaultHeadersMiddleware',
 'scrapy.downloadermiddlewares.useragent.UserAgentMiddleware',
 'scrapy.downloadermiddlewares.retry.RetryMiddleware',
 'scrapy.downloadermiddlewares.redirect.MetaRefreshMiddleware',
 'scrapy.downloadermiddlewares.httpcompression.HttpCompressionMiddleware',
 'scrapy.downloadermiddlewares.redirect.RedirectMiddleware',
 'scrapy.downloadermiddlewares.cookies.CookiesMiddleware',
 'scrapy.downloadermiddlewares.httpproxy.HttpProxyMiddleware',
 'scrapy.downloadermiddlewares.stats.DownloaderStats']
2020-08-08 15:41:23 [scrapy.middleware] INFO: Enabled spider middlewares:
['scrapy.spidermiddlewares.httperror.HttpErrorMiddleware',
 'scrapy.spidermiddlewares.offsite.OffsiteMiddleware',
 'scrapy.spidermiddlewares.referer.RefererMiddleware',
 'scrapy.spidermiddlewares.urllength.UrlLengthMiddleware',
 'scrapy.spidermiddlewares.depth.DepthMiddleware']
2020-08-08 15:41:23 [scrapy.middleware] INFO: Enabled item pipelines:
[]
2020-08-08 15:41:23 [scrapy.core.engine] INFO: Spider opened
2020-08-08 15:41:23 [scrapy.extensions.logstats] INFO: Crawled 0 pages (at 0 pages/min), scraped 0 items (at 0 items/min)
2020-08-08 15:41:23 [scrapy.extensions.telnet] INFO: Telnet console listening on 127.0.0.1:6023
2020-08-08 15:41:24 [scrapy.core.engine] DEBUG: Crawled (200) <GET https://www.labirint.ru/search/%D0%B4%D0%B5%D1%82%D0%B5%D0%BA%D1%82%D0%B8%D0%B2/?stype=0> (referer: None)
2020-08-08 16:04:22 [scrapy.utils.log] INFO: Scrapy 2.3.0 started (bot: bookparser)
2020-08-08 16:04:22 [scrapy.utils.log] INFO: Versions: lxml 4.5.2.0, libxml2 2.9.5, cssselect 1.1.0, parsel 1.6.0, w3lib 1.22.0, Twisted 20.3.0, Python 3.8.3 (tags/v3.8.3:6f8c832, May 13 2020, 22:37:02) [MSC v.1924 64 bit (AMD64)], pyOpenSSL 19.1.0 (OpenSSL 1.1.1g  21 Apr 2020), cryptography 3.0, Platform Windows-10-10.0.18362-SP0
2020-08-08 16:04:22 [scrapy.utils.log] DEBUG: Using reactor: twisted.internet.selectreactor.SelectReactor
2020-08-08 16:04:22 [scrapy.crawler] INFO: Overridden settings:
{'BOT_NAME': 'bookparser',
 'DOWNLOAD_DELAY': 1,
 'LOG_FILE': 'bookparse_log.txt',
 'NEWSPIDER_MODULE': 'bookparser.spiders',
 'SPIDER_MODULES': ['bookparser.spiders'],
 'USER_AGENT': 'Mozilla/5.0 (Windows NT 10.0; Win64; x64) AppleWebKit/537.36 '
               '(KHTML, like Gecko) Chrome/84.0.4147.105 Safari/537.36'}
2020-08-08 16:04:22 [scrapy.extensions.telnet] INFO: Telnet Password: 190b508beddbdb0a
2020-08-08 16:04:22 [scrapy.middleware] INFO: Enabled extensions:
['scrapy.extensions.corestats.CoreStats',
 'scrapy.extensions.telnet.TelnetConsole',
 'scrapy.extensions.logstats.LogStats']
2020-08-08 16:04:22 [scrapy.middleware] INFO: Enabled downloader middlewares:
['scrapy.downloadermiddlewares.httpauth.HttpAuthMiddleware',
 'scrapy.downloadermiddlewares.downloadtimeout.DownloadTimeoutMiddleware',
 'scrapy.downloadermiddlewares.defaultheaders.DefaultHeadersMiddleware',
 'scrapy.downloadermiddlewares.useragent.UserAgentMiddleware',
 'scrapy.downloadermiddlewares.retry.RetryMiddleware',
 'scrapy.downloadermiddlewares.redirect.MetaRefreshMiddleware',
 'scrapy.downloadermiddlewares.httpcompression.HttpCompressionMiddleware',
 'scrapy.downloadermiddlewares.redirect.RedirectMiddleware',
 'scrapy.downloadermiddlewares.cookies.CookiesMiddleware',
 'scrapy.downloadermiddlewares.httpproxy.HttpProxyMiddleware',
 'scrapy.downloadermiddlewares.stats.DownloaderStats']
2020-08-08 16:04:22 [scrapy.middleware] INFO: Enabled spider middlewares:
['scrapy.spidermiddlewares.httperror.HttpErrorMiddleware',
 'scrapy.spidermiddlewares.offsite.OffsiteMiddleware',
 'scrapy.spidermiddlewares.referer.RefererMiddleware',
 'scrapy.spidermiddlewares.urllength.UrlLengthMiddleware',
 'scrapy.spidermiddlewares.depth.DepthMiddleware']
2020-08-08 16:04:22 [scrapy.middleware] INFO: Enabled item pipelines:
[]
2020-08-08 16:04:22 [scrapy.core.engine] INFO: Spider opened
2020-08-08 16:04:22 [scrapy.extensions.logstats] INFO: Crawled 0 pages (at 0 pages/min), scraped 0 items (at 0 items/min)
2020-08-08 16:04:22 [scrapy.extensions.telnet] INFO: Telnet console listening on 127.0.0.1:6023
2020-08-08 16:04:23 [scrapy.core.engine] DEBUG: Crawled (200) <GET https://www.labirint.ru/search/%D0%B4%D0%B5%D1%82%D0%B5%D0%BA%D1%82%D0%B8%D0%B2/?stype=0> (referer: None)
2020-08-08 16:05:27 [scrapy.utils.log] INFO: Scrapy 2.3.0 started (bot: bookparser)
2020-08-08 16:05:27 [scrapy.utils.log] INFO: Versions: lxml 4.5.2.0, libxml2 2.9.5, cssselect 1.1.0, parsel 1.6.0, w3lib 1.22.0, Twisted 20.3.0, Python 3.8.3 (tags/v3.8.3:6f8c832, May 13 2020, 22:37:02) [MSC v.1924 64 bit (AMD64)], pyOpenSSL 19.1.0 (OpenSSL 1.1.1g  21 Apr 2020), cryptography 3.0, Platform Windows-10-10.0.18362-SP0
2020-08-08 16:05:27 [scrapy.utils.log] DEBUG: Using reactor: twisted.internet.selectreactor.SelectReactor
2020-08-08 16:05:27 [scrapy.crawler] INFO: Overridden settings:
{'BOT_NAME': 'bookparser',
 'DOWNLOAD_DELAY': 1,
 'LOG_FILE': 'bookparse_log.txt',
 'NEWSPIDER_MODULE': 'bookparser.spiders',
 'SPIDER_MODULES': ['bookparser.spiders'],
 'USER_AGENT': 'Mozilla/5.0 (Windows NT 10.0; Win64; x64) AppleWebKit/537.36 '
               '(KHTML, like Gecko) Chrome/84.0.4147.105 Safari/537.36'}
2020-08-08 16:05:27 [scrapy.extensions.telnet] INFO: Telnet Password: 5b9b849063c6a623
2020-08-08 16:05:27 [scrapy.middleware] INFO: Enabled extensions:
['scrapy.extensions.corestats.CoreStats',
 'scrapy.extensions.telnet.TelnetConsole',
 'scrapy.extensions.logstats.LogStats']
2020-08-08 16:05:27 [scrapy.middleware] INFO: Enabled downloader middlewares:
['scrapy.downloadermiddlewares.httpauth.HttpAuthMiddleware',
 'scrapy.downloadermiddlewares.downloadtimeout.DownloadTimeoutMiddleware',
 'scrapy.downloadermiddlewares.defaultheaders.DefaultHeadersMiddleware',
 'scrapy.downloadermiddlewares.useragent.UserAgentMiddleware',
 'scrapy.downloadermiddlewares.retry.RetryMiddleware',
 'scrapy.downloadermiddlewares.redirect.MetaRefreshMiddleware',
 'scrapy.downloadermiddlewares.httpcompression.HttpCompressionMiddleware',
 'scrapy.downloadermiddlewares.redirect.RedirectMiddleware',
 'scrapy.downloadermiddlewares.cookies.CookiesMiddleware',
 'scrapy.downloadermiddlewares.httpproxy.HttpProxyMiddleware',
 'scrapy.downloadermiddlewares.stats.DownloaderStats']
2020-08-08 16:05:27 [scrapy.middleware] INFO: Enabled spider middlewares:
['scrapy.spidermiddlewares.httperror.HttpErrorMiddleware',
 'scrapy.spidermiddlewares.offsite.OffsiteMiddleware',
 'scrapy.spidermiddlewares.referer.RefererMiddleware',
 'scrapy.spidermiddlewares.urllength.UrlLengthMiddleware',
 'scrapy.spidermiddlewares.depth.DepthMiddleware']
2020-08-08 16:05:27 [scrapy.middleware] INFO: Enabled item pipelines:
[]
2020-08-08 16:05:27 [scrapy.core.engine] INFO: Spider opened
2020-08-08 16:05:27 [scrapy.extensions.logstats] INFO: Crawled 0 pages (at 0 pages/min), scraped 0 items (at 0 items/min)
2020-08-08 16:05:27 [scrapy.extensions.telnet] INFO: Telnet console listening on 127.0.0.1:6023
2020-08-08 16:05:28 [scrapy.core.engine] DEBUG: Crawled (200) <GET https://www.labirint.ru/search/%D0%B4%D0%B5%D1%82%D0%B5%D0%BA%D1%82%D0%B8%D0%B2/?stype=0> (referer: None)
2020-08-08 16:23:52 [scrapy.utils.log] INFO: Scrapy 2.3.0 started (bot: bookparser)
2020-08-08 16:23:52 [scrapy.utils.log] INFO: Versions: lxml 4.5.2.0, libxml2 2.9.5, cssselect 1.1.0, parsel 1.6.0, w3lib 1.22.0, Twisted 20.3.0, Python 3.8.3 (tags/v3.8.3:6f8c832, May 13 2020, 22:37:02) [MSC v.1924 64 bit (AMD64)], pyOpenSSL 19.1.0 (OpenSSL 1.1.1g  21 Apr 2020), cryptography 3.0, Platform Windows-10-10.0.18362-SP0
2020-08-08 16:23:52 [scrapy.utils.log] DEBUG: Using reactor: twisted.internet.selectreactor.SelectReactor
2020-08-08 16:23:52 [scrapy.crawler] INFO: Overridden settings:
{'BOT_NAME': 'bookparser',
 'DOWNLOAD_DELAY': 1,
 'LOG_FILE': 'bookparse_log.txt',
 'NEWSPIDER_MODULE': 'bookparser.spiders',
 'SPIDER_MODULES': ['bookparser.spiders'],
 'USER_AGENT': 'Mozilla/5.0 (Windows NT 10.0; Win64; x64) AppleWebKit/537.36 '
               '(KHTML, like Gecko) Chrome/84.0.4147.105 Safari/537.36'}
2020-08-08 16:23:52 [scrapy.extensions.telnet] INFO: Telnet Password: 01929edf8bcafb04
2020-08-08 16:23:52 [scrapy.middleware] INFO: Enabled extensions:
['scrapy.extensions.corestats.CoreStats',
 'scrapy.extensions.telnet.TelnetConsole',
 'scrapy.extensions.logstats.LogStats']
2020-08-08 16:23:52 [scrapy.middleware] INFO: Enabled downloader middlewares:
['scrapy.downloadermiddlewares.httpauth.HttpAuthMiddleware',
 'scrapy.downloadermiddlewares.downloadtimeout.DownloadTimeoutMiddleware',
 'scrapy.downloadermiddlewares.defaultheaders.DefaultHeadersMiddleware',
 'scrapy.downloadermiddlewares.useragent.UserAgentMiddleware',
 'scrapy.downloadermiddlewares.retry.RetryMiddleware',
 'scrapy.downloadermiddlewares.redirect.MetaRefreshMiddleware',
 'scrapy.downloadermiddlewares.httpcompression.HttpCompressionMiddleware',
 'scrapy.downloadermiddlewares.redirect.RedirectMiddleware',
 'scrapy.downloadermiddlewares.cookies.CookiesMiddleware',
 'scrapy.downloadermiddlewares.httpproxy.HttpProxyMiddleware',
 'scrapy.downloadermiddlewares.stats.DownloaderStats']
2020-08-08 16:23:52 [scrapy.middleware] INFO: Enabled spider middlewares:
['scrapy.spidermiddlewares.httperror.HttpErrorMiddleware',
 'scrapy.spidermiddlewares.offsite.OffsiteMiddleware',
 'scrapy.spidermiddlewares.referer.RefererMiddleware',
 'scrapy.spidermiddlewares.urllength.UrlLengthMiddleware',
 'scrapy.spidermiddlewares.depth.DepthMiddleware']
2020-08-08 16:23:52 [scrapy.middleware] INFO: Enabled item pipelines:
[]
2020-08-08 16:23:52 [scrapy.core.engine] INFO: Spider opened
2020-08-08 16:23:52 [scrapy.extensions.logstats] INFO: Crawled 0 pages (at 0 pages/min), scraped 0 items (at 0 items/min)
2020-08-08 16:23:52 [scrapy.extensions.telnet] INFO: Telnet console listening on 127.0.0.1:6023
2020-08-08 16:23:53 [scrapy.core.engine] DEBUG: Crawled (200) <GET https://www.labirint.ru/search/%D0%B4%D0%B5%D1%82%D0%B5%D0%BA%D1%82%D0%B8%D0%B2/?stype=0> (referer: None)
2020-08-08 16:51:56 [scrapy.utils.log] INFO: Scrapy 2.3.0 started (bot: bookparser)
2020-08-08 16:51:56 [scrapy.utils.log] INFO: Versions: lxml 4.5.2.0, libxml2 2.9.5, cssselect 1.1.0, parsel 1.6.0, w3lib 1.22.0, Twisted 20.3.0, Python 3.8.3 (tags/v3.8.3:6f8c832, May 13 2020, 22:37:02) [MSC v.1924 64 bit (AMD64)], pyOpenSSL 19.1.0 (OpenSSL 1.1.1g  21 Apr 2020), cryptography 3.0, Platform Windows-10-10.0.18362-SP0
2020-08-08 16:51:56 [scrapy.utils.log] DEBUG: Using reactor: twisted.internet.selectreactor.SelectReactor
2020-08-08 16:51:56 [scrapy.crawler] INFO: Overridden settings:
{'BOT_NAME': 'bookparser',
 'DOWNLOAD_DELAY': 1,
 'LOG_FILE': 'bookparse_log.txt',
 'NEWSPIDER_MODULE': 'bookparser.spiders',
 'SPIDER_MODULES': ['bookparser.spiders'],
 'USER_AGENT': 'Mozilla/5.0 (Windows NT 10.0; Win64; x64) AppleWebKit/537.36 '
               '(KHTML, like Gecko) Chrome/84.0.4147.105 Safari/537.36'}
2020-08-08 16:51:56 [scrapy.extensions.telnet] INFO: Telnet Password: 4bab83b08ca75456
2020-08-08 16:51:56 [scrapy.middleware] INFO: Enabled extensions:
['scrapy.extensions.corestats.CoreStats',
 'scrapy.extensions.telnet.TelnetConsole',
 'scrapy.extensions.logstats.LogStats']
2020-08-08 16:51:56 [scrapy.middleware] INFO: Enabled downloader middlewares:
['scrapy.downloadermiddlewares.httpauth.HttpAuthMiddleware',
 'scrapy.downloadermiddlewares.downloadtimeout.DownloadTimeoutMiddleware',
 'scrapy.downloadermiddlewares.defaultheaders.DefaultHeadersMiddleware',
 'scrapy.downloadermiddlewares.useragent.UserAgentMiddleware',
 'scrapy.downloadermiddlewares.retry.RetryMiddleware',
 'scrapy.downloadermiddlewares.redirect.MetaRefreshMiddleware',
 'scrapy.downloadermiddlewares.httpcompression.HttpCompressionMiddleware',
 'scrapy.downloadermiddlewares.redirect.RedirectMiddleware',
 'scrapy.downloadermiddlewares.cookies.CookiesMiddleware',
 'scrapy.downloadermiddlewares.httpproxy.HttpProxyMiddleware',
 'scrapy.downloadermiddlewares.stats.DownloaderStats']
2020-08-08 16:51:56 [scrapy.middleware] INFO: Enabled spider middlewares:
['scrapy.spidermiddlewares.httperror.HttpErrorMiddleware',
 'scrapy.spidermiddlewares.offsite.OffsiteMiddleware',
 'scrapy.spidermiddlewares.referer.RefererMiddleware',
 'scrapy.spidermiddlewares.urllength.UrlLengthMiddleware',
 'scrapy.spidermiddlewares.depth.DepthMiddleware']
2020-08-08 16:51:56 [scrapy.middleware] INFO: Enabled item pipelines:
[]
2020-08-08 16:51:56 [scrapy.core.engine] INFO: Spider opened
2020-08-08 16:51:56 [scrapy.extensions.logstats] INFO: Crawled 0 pages (at 0 pages/min), scraped 0 items (at 0 items/min)
2020-08-08 16:51:56 [scrapy.extensions.telnet] INFO: Telnet console listening on 127.0.0.1:6023
2020-08-08 16:51:57 [scrapy.core.engine] DEBUG: Crawled (200) <GET https://www.labirint.ru/search/%D0%B4%D0%B5%D1%82%D0%B5%D0%BA%D1%82%D0%B8%D0%B2/?stype=0> (referer: None)
2020-08-08 16:59:55 [scrapy.utils.log] INFO: Scrapy 2.3.0 started (bot: bookparser)
2020-08-08 16:59:55 [scrapy.utils.log] INFO: Versions: lxml 4.5.2.0, libxml2 2.9.5, cssselect 1.1.0, parsel 1.6.0, w3lib 1.22.0, Twisted 20.3.0, Python 3.8.3 (tags/v3.8.3:6f8c832, May 13 2020, 22:37:02) [MSC v.1924 64 bit (AMD64)], pyOpenSSL 19.1.0 (OpenSSL 1.1.1g  21 Apr 2020), cryptography 3.0, Platform Windows-10-10.0.18362-SP0
2020-08-08 16:59:55 [scrapy.utils.log] DEBUG: Using reactor: twisted.internet.selectreactor.SelectReactor
2020-08-08 16:59:55 [scrapy.crawler] INFO: Overridden settings:
{'BOT_NAME': 'bookparser',
 'DOWNLOAD_DELAY': 1,
 'LOG_FILE': 'bookparse_log.txt',
 'NEWSPIDER_MODULE': 'bookparser.spiders',
 'SPIDER_MODULES': ['bookparser.spiders'],
 'USER_AGENT': 'Mozilla/5.0 (Windows NT 10.0; Win64; x64) AppleWebKit/537.36 '
               '(KHTML, like Gecko) Chrome/84.0.4147.105 Safari/537.36'}
2020-08-08 16:59:55 [scrapy.extensions.telnet] INFO: Telnet Password: f8f247e9dfe0dd53
2020-08-08 16:59:55 [scrapy.middleware] INFO: Enabled extensions:
['scrapy.extensions.corestats.CoreStats',
 'scrapy.extensions.telnet.TelnetConsole',
 'scrapy.extensions.logstats.LogStats']
2020-08-08 16:59:55 [scrapy.middleware] INFO: Enabled downloader middlewares:
['scrapy.downloadermiddlewares.httpauth.HttpAuthMiddleware',
 'scrapy.downloadermiddlewares.downloadtimeout.DownloadTimeoutMiddleware',
 'scrapy.downloadermiddlewares.defaultheaders.DefaultHeadersMiddleware',
 'scrapy.downloadermiddlewares.useragent.UserAgentMiddleware',
 'scrapy.downloadermiddlewares.retry.RetryMiddleware',
 'scrapy.downloadermiddlewares.redirect.MetaRefreshMiddleware',
 'scrapy.downloadermiddlewares.httpcompression.HttpCompressionMiddleware',
 'scrapy.downloadermiddlewares.redirect.RedirectMiddleware',
 'scrapy.downloadermiddlewares.cookies.CookiesMiddleware',
 'scrapy.downloadermiddlewares.httpproxy.HttpProxyMiddleware',
 'scrapy.downloadermiddlewares.stats.DownloaderStats']
2020-08-08 16:59:55 [scrapy.middleware] INFO: Enabled spider middlewares:
['scrapy.spidermiddlewares.httperror.HttpErrorMiddleware',
 'scrapy.spidermiddlewares.offsite.OffsiteMiddleware',
 'scrapy.spidermiddlewares.referer.RefererMiddleware',
 'scrapy.spidermiddlewares.urllength.UrlLengthMiddleware',
 'scrapy.spidermiddlewares.depth.DepthMiddleware']
2020-08-08 16:59:55 [scrapy.middleware] INFO: Enabled item pipelines:
[]
2020-08-08 16:59:55 [scrapy.core.engine] INFO: Spider opened
2020-08-08 16:59:55 [scrapy.extensions.logstats] INFO: Crawled 0 pages (at 0 pages/min), scraped 0 items (at 0 items/min)
2020-08-08 16:59:55 [scrapy.extensions.telnet] INFO: Telnet console listening on 127.0.0.1:6023
2020-08-08 16:59:56 [scrapy.core.engine] DEBUG: Crawled (200) <GET https://www.labirint.ru/search/%D0%B4%D0%B5%D1%82%D0%B5%D0%BA%D1%82%D0%B8%D0%B2/?stype=0> (referer: None)
2020-08-08 17:03:57 [scrapy.utils.log] INFO: Scrapy 2.3.0 started (bot: bookparser)
2020-08-08 17:03:57 [scrapy.utils.log] INFO: Versions: lxml 4.5.2.0, libxml2 2.9.5, cssselect 1.1.0, parsel 1.6.0, w3lib 1.22.0, Twisted 20.3.0, Python 3.8.3 (tags/v3.8.3:6f8c832, May 13 2020, 22:37:02) [MSC v.1924 64 bit (AMD64)], pyOpenSSL 19.1.0 (OpenSSL 1.1.1g  21 Apr 2020), cryptography 3.0, Platform Windows-10-10.0.18362-SP0
2020-08-08 17:03:57 [scrapy.utils.log] DEBUG: Using reactor: twisted.internet.selectreactor.SelectReactor
2020-08-08 17:03:57 [scrapy.crawler] INFO: Overridden settings:
{'BOT_NAME': 'bookparser',
 'DOWNLOAD_DELAY': 1,
 'LOG_FILE': 'bookparse_log.txt',
 'NEWSPIDER_MODULE': 'bookparser.spiders',
 'SPIDER_MODULES': ['bookparser.spiders'],
 'USER_AGENT': 'Mozilla/5.0 (Windows NT 10.0; Win64; x64) AppleWebKit/537.36 '
               '(KHTML, like Gecko) Chrome/84.0.4147.105 Safari/537.36'}
2020-08-08 17:03:57 [scrapy.extensions.telnet] INFO: Telnet Password: 1e70f53d7090496d
2020-08-08 17:03:57 [scrapy.middleware] INFO: Enabled extensions:
['scrapy.extensions.corestats.CoreStats',
 'scrapy.extensions.telnet.TelnetConsole',
 'scrapy.extensions.logstats.LogStats']
2020-08-08 17:03:57 [scrapy.middleware] INFO: Enabled downloader middlewares:
['scrapy.downloadermiddlewares.httpauth.HttpAuthMiddleware',
 'scrapy.downloadermiddlewares.downloadtimeout.DownloadTimeoutMiddleware',
 'scrapy.downloadermiddlewares.defaultheaders.DefaultHeadersMiddleware',
 'scrapy.downloadermiddlewares.useragent.UserAgentMiddleware',
 'scrapy.downloadermiddlewares.retry.RetryMiddleware',
 'scrapy.downloadermiddlewares.redirect.MetaRefreshMiddleware',
 'scrapy.downloadermiddlewares.httpcompression.HttpCompressionMiddleware',
 'scrapy.downloadermiddlewares.redirect.RedirectMiddleware',
 'scrapy.downloadermiddlewares.cookies.CookiesMiddleware',
 'scrapy.downloadermiddlewares.httpproxy.HttpProxyMiddleware',
 'scrapy.downloadermiddlewares.stats.DownloaderStats']
2020-08-08 17:03:57 [scrapy.middleware] INFO: Enabled spider middlewares:
['scrapy.spidermiddlewares.httperror.HttpErrorMiddleware',
 'scrapy.spidermiddlewares.offsite.OffsiteMiddleware',
 'scrapy.spidermiddlewares.referer.RefererMiddleware',
 'scrapy.spidermiddlewares.urllength.UrlLengthMiddleware',
 'scrapy.spidermiddlewares.depth.DepthMiddleware']
2020-08-08 17:03:57 [scrapy.middleware] INFO: Enabled item pipelines:
[]
2020-08-08 17:03:57 [scrapy.core.engine] INFO: Spider opened
2020-08-08 17:03:57 [scrapy.extensions.logstats] INFO: Crawled 0 pages (at 0 pages/min), scraped 0 items (at 0 items/min)
2020-08-08 17:03:57 [scrapy.extensions.telnet] INFO: Telnet console listening on 127.0.0.1:6023
2020-08-08 17:03:57 [scrapy.core.engine] DEBUG: Crawled (200) <GET https://www.labirint.ru/search/%D0%B4%D0%B5%D1%82%D0%B5%D0%BA%D1%82%D0%B8%D0%B2/?stype=0> (referer: None)
2020-08-08 17:05:37 [scrapy.utils.log] INFO: Scrapy 2.3.0 started (bot: bookparser)
2020-08-08 17:05:37 [scrapy.utils.log] INFO: Versions: lxml 4.5.2.0, libxml2 2.9.5, cssselect 1.1.0, parsel 1.6.0, w3lib 1.22.0, Twisted 20.3.0, Python 3.8.3 (tags/v3.8.3:6f8c832, May 13 2020, 22:37:02) [MSC v.1924 64 bit (AMD64)], pyOpenSSL 19.1.0 (OpenSSL 1.1.1g  21 Apr 2020), cryptography 3.0, Platform Windows-10-10.0.18362-SP0
2020-08-08 17:05:37 [scrapy.utils.log] DEBUG: Using reactor: twisted.internet.selectreactor.SelectReactor
2020-08-08 17:05:37 [scrapy.crawler] INFO: Overridden settings:
{'BOT_NAME': 'bookparser',
 'DOWNLOAD_DELAY': 1,
 'LOG_FILE': 'bookparse_log.txt',
 'NEWSPIDER_MODULE': 'bookparser.spiders',
 'SPIDER_MODULES': ['bookparser.spiders'],
 'USER_AGENT': 'Mozilla/5.0 (Windows NT 10.0; Win64; x64) AppleWebKit/537.36 '
               '(KHTML, like Gecko) Chrome/84.0.4147.105 Safari/537.36'}
2020-08-08 17:05:37 [scrapy.extensions.telnet] INFO: Telnet Password: 6707d6ec13fceaf5
2020-08-08 17:05:37 [scrapy.middleware] INFO: Enabled extensions:
['scrapy.extensions.corestats.CoreStats',
 'scrapy.extensions.telnet.TelnetConsole',
 'scrapy.extensions.logstats.LogStats']
2020-08-08 17:05:37 [scrapy.middleware] INFO: Enabled downloader middlewares:
['scrapy.downloadermiddlewares.httpauth.HttpAuthMiddleware',
 'scrapy.downloadermiddlewares.downloadtimeout.DownloadTimeoutMiddleware',
 'scrapy.downloadermiddlewares.defaultheaders.DefaultHeadersMiddleware',
 'scrapy.downloadermiddlewares.useragent.UserAgentMiddleware',
 'scrapy.downloadermiddlewares.retry.RetryMiddleware',
 'scrapy.downloadermiddlewares.redirect.MetaRefreshMiddleware',
 'scrapy.downloadermiddlewares.httpcompression.HttpCompressionMiddleware',
 'scrapy.downloadermiddlewares.redirect.RedirectMiddleware',
 'scrapy.downloadermiddlewares.cookies.CookiesMiddleware',
 'scrapy.downloadermiddlewares.httpproxy.HttpProxyMiddleware',
 'scrapy.downloadermiddlewares.stats.DownloaderStats']
2020-08-08 17:05:37 [scrapy.middleware] INFO: Enabled spider middlewares:
['scrapy.spidermiddlewares.httperror.HttpErrorMiddleware',
 'scrapy.spidermiddlewares.offsite.OffsiteMiddleware',
 'scrapy.spidermiddlewares.referer.RefererMiddleware',
 'scrapy.spidermiddlewares.urllength.UrlLengthMiddleware',
 'scrapy.spidermiddlewares.depth.DepthMiddleware']
2020-08-08 17:05:37 [scrapy.middleware] INFO: Enabled item pipelines:
[]
2020-08-08 17:05:37 [scrapy.core.engine] INFO: Spider opened
2020-08-08 17:05:37 [scrapy.extensions.logstats] INFO: Crawled 0 pages (at 0 pages/min), scraped 0 items (at 0 items/min)
2020-08-08 17:05:37 [scrapy.extensions.telnet] INFO: Telnet console listening on 127.0.0.1:6023
2020-08-08 17:05:38 [scrapy.core.engine] DEBUG: Crawled (200) <GET https://www.labirint.ru/search/%D0%B4%D0%B5%D1%82%D0%B5%D0%BA%D1%82%D0%B8%D0%B2/?stype=0> (referer: None)
2020-08-08 17:06:12 [scrapy.utils.log] INFO: Scrapy 2.3.0 started (bot: bookparser)
2020-08-08 17:06:12 [scrapy.utils.log] INFO: Versions: lxml 4.5.2.0, libxml2 2.9.5, cssselect 1.1.0, parsel 1.6.0, w3lib 1.22.0, Twisted 20.3.0, Python 3.8.3 (tags/v3.8.3:6f8c832, May 13 2020, 22:37:02) [MSC v.1924 64 bit (AMD64)], pyOpenSSL 19.1.0 (OpenSSL 1.1.1g  21 Apr 2020), cryptography 3.0, Platform Windows-10-10.0.18362-SP0
2020-08-08 17:06:12 [scrapy.utils.log] DEBUG: Using reactor: twisted.internet.selectreactor.SelectReactor
2020-08-08 17:06:12 [scrapy.crawler] INFO: Overridden settings:
{'BOT_NAME': 'bookparser',
 'DOWNLOAD_DELAY': 1,
 'LOG_FILE': 'bookparse_log.txt',
 'NEWSPIDER_MODULE': 'bookparser.spiders',
 'SPIDER_MODULES': ['bookparser.spiders'],
 'USER_AGENT': 'Mozilla/5.0 (Windows NT 10.0; Win64; x64) AppleWebKit/537.36 '
               '(KHTML, like Gecko) Chrome/84.0.4147.105 Safari/537.36'}
2020-08-08 17:06:12 [scrapy.extensions.telnet] INFO: Telnet Password: 8a7d57b72bab1092
2020-08-08 17:06:12 [scrapy.middleware] INFO: Enabled extensions:
['scrapy.extensions.corestats.CoreStats',
 'scrapy.extensions.telnet.TelnetConsole',
 'scrapy.extensions.logstats.LogStats']
2020-08-08 17:06:12 [scrapy.middleware] INFO: Enabled downloader middlewares:
['scrapy.downloadermiddlewares.httpauth.HttpAuthMiddleware',
 'scrapy.downloadermiddlewares.downloadtimeout.DownloadTimeoutMiddleware',
 'scrapy.downloadermiddlewares.defaultheaders.DefaultHeadersMiddleware',
 'scrapy.downloadermiddlewares.useragent.UserAgentMiddleware',
 'scrapy.downloadermiddlewares.retry.RetryMiddleware',
 'scrapy.downloadermiddlewares.redirect.MetaRefreshMiddleware',
 'scrapy.downloadermiddlewares.httpcompression.HttpCompressionMiddleware',
 'scrapy.downloadermiddlewares.redirect.RedirectMiddleware',
 'scrapy.downloadermiddlewares.cookies.CookiesMiddleware',
 'scrapy.downloadermiddlewares.httpproxy.HttpProxyMiddleware',
 'scrapy.downloadermiddlewares.stats.DownloaderStats']
2020-08-08 17:06:12 [scrapy.middleware] INFO: Enabled spider middlewares:
['scrapy.spidermiddlewares.httperror.HttpErrorMiddleware',
 'scrapy.spidermiddlewares.offsite.OffsiteMiddleware',
 'scrapy.spidermiddlewares.referer.RefererMiddleware',
 'scrapy.spidermiddlewares.urllength.UrlLengthMiddleware',
 'scrapy.spidermiddlewares.depth.DepthMiddleware']
2020-08-08 17:06:12 [scrapy.middleware] INFO: Enabled item pipelines:
[]
2020-08-08 17:06:12 [scrapy.core.engine] INFO: Spider opened
2020-08-08 17:06:12 [scrapy.extensions.logstats] INFO: Crawled 0 pages (at 0 pages/min), scraped 0 items (at 0 items/min)
2020-08-08 17:06:12 [scrapy.extensions.telnet] INFO: Telnet console listening on 127.0.0.1:6023
2020-08-08 17:06:12 [scrapy.core.engine] DEBUG: Crawled (200) <GET https://www.labirint.ru/search/%D0%B4%D0%B5%D1%82%D0%B5%D0%BA%D1%82%D0%B8%D0%B2/?stype=0> (referer: None)
2020-08-08 17:06:47 [scrapy.core.engine] DEBUG: Crawled (200) <GET https://www.labirint.ru/search/%D0%B4%D0%B5%D1%82%D0%B5%D0%BA%D1%82%D0%B8%D0%B2/?stype=0&page=2> (referer: https://www.labirint.ru/search/%D0%B4%D0%B5%D1%82%D0%B5%D0%BA%D1%82%D0%B8%D0%B2/?stype=0)
2020-08-08 17:06:47 [scrapy.core.scraper] ERROR: Spider error processing <GET https://www.labirint.ru/search/%D0%B4%D0%B5%D1%82%D0%B5%D0%BA%D1%82%D0%B8%D0%B2/?stype=0&page=2> (referer: https://www.labirint.ru/search/%D0%B4%D0%B5%D1%82%D0%B5%D0%BA%D1%82%D0%B8%D0%B2/?stype=0)
Traceback (most recent call last):
  File "D:\NNN\GeekBrains\DataParsing\DataParsing\lesson6\venv\lib\site-packages\twisted\internet\defer.py", line 1418, in _inlineCallbacks
    result = g.send(result)
StopIteration: <200 https://www.labirint.ru/search/%D0%B4%D0%B5%D1%82%D0%B5%D0%BA%D1%82%D0%B8%D0%B2/?stype=0&page=2>

During handling of the above exception, another exception occurred:

Traceback (most recent call last):
  File "D:\NNN\GeekBrains\DataParsing\DataParsing\lesson6\venv\lib\site-packages\scrapy\utils\defer.py", line 55, in mustbe_deferred
    result = f(*args, **kw)
  File "D:\NNN\GeekBrains\DataParsing\DataParsing\lesson6\venv\lib\site-packages\scrapy\core\spidermw.py", line 60, in process_spider_input
    return scrape_func(response, request, spider)
  File "D:\NNN\GeekBrains\DataParsing\DataParsing\lesson6\venv\lib\site-packages\scrapy\core\scraper.py", line 152, in call_spider
    warn_on_generator_with_return_value(spider, callback)
  File "D:\NNN\GeekBrains\DataParsing\DataParsing\lesson6\venv\lib\site-packages\scrapy\utils\misc.py", line 218, in warn_on_generator_with_return_value
    if is_generator_with_return_value(callable):
  File "D:\NNN\GeekBrains\DataParsing\DataParsing\lesson6\venv\lib\site-packages\scrapy\utils\misc.py", line 203, in is_generator_with_return_value
    tree = ast.parse(dedent(inspect.getsource(callable)))
  File "C:\Users\n_ned\AppData\Local\Programs\Python\Python38\lib\ast.py", line 47, in parse
    return compile(source, filename, mode, flags,
  File "<unknown>", line 1
    def parse(self, response:HtmlResponse):
    ^
IndentationError: unexpected indent
2020-08-08 17:06:47 [scrapy.core.engine] DEBUG: Crawled (200) <GET https://www.labirint.ru/books/719538/> (referer: https://www.labirint.ru/search/%D0%B4%D0%B5%D1%82%D0%B5%D0%BA%D1%82%D0%B8%D0%B2/?stype=0)
2020-08-08 17:06:48 [scrapy.core.engine] DEBUG: Crawled (200) <GET https://www.labirint.ru/books/755144/> (referer: https://www.labirint.ru/search/%D0%B4%D0%B5%D1%82%D0%B5%D0%BA%D1%82%D0%B8%D0%B2/?stype=0)
2020-08-08 17:06:49 [scrapy.core.engine] DEBUG: Crawled (200) <GET https://www.labirint.ru/books/652290/> (referer: https://www.labirint.ru/search/%D0%B4%D0%B5%D1%82%D0%B5%D0%BA%D1%82%D0%B8%D0%B2/?stype=0)
2020-08-08 17:06:50 [scrapy.core.engine] DEBUG: Crawled (200) <GET https://www.labirint.ru/books/750475/> (referer: https://www.labirint.ru/search/%D0%B4%D0%B5%D1%82%D0%B5%D0%BA%D1%82%D0%B8%D0%B2/?stype=0)
2020-08-08 17:06:52 [scrapy.core.engine] DEBUG: Crawled (200) <GET https://www.labirint.ru/books/536426/> (referer: https://www.labirint.ru/search/%D0%B4%D0%B5%D1%82%D0%B5%D0%BA%D1%82%D0%B8%D0%B2/?stype=0)
2020-08-08 17:06:53 [scrapy.core.engine] DEBUG: Crawled (200) <GET https://www.labirint.ru/books/602524/> (referer: https://www.labirint.ru/search/%D0%B4%D0%B5%D1%82%D0%B5%D0%BA%D1%82%D0%B8%D0%B2/?stype=0)
2020-08-08 17:06:55 [scrapy.core.engine] DEBUG: Crawled (200) <GET https://www.labirint.ru/books/527484/> (referer: https://www.labirint.ru/search/%D0%B4%D0%B5%D1%82%D0%B5%D0%BA%D1%82%D0%B8%D0%B2/?stype=0)
2020-08-08 17:06:56 [scrapy.core.engine] DEBUG: Crawled (200) <GET https://www.labirint.ru/books/721022/> (referer: https://www.labirint.ru/search/%D0%B4%D0%B5%D1%82%D0%B5%D0%BA%D1%82%D0%B8%D0%B2/?stype=0)
2020-08-08 17:06:57 [scrapy.core.engine] DEBUG: Crawled (200) <GET https://www.labirint.ru/books/593008/> (referer: https://www.labirint.ru/search/%D0%B4%D0%B5%D1%82%D0%B5%D0%BA%D1%82%D0%B8%D0%B2/?stype=0)
2020-08-08 17:06:58 [scrapy.core.engine] DEBUG: Crawled (200) <GET https://www.labirint.ru/books/703059/> (referer: https://www.labirint.ru/search/%D0%B4%D0%B5%D1%82%D0%B5%D0%BA%D1%82%D0%B8%D0%B2/?stype=0)
2020-08-08 17:07:00 [scrapy.core.engine] DEBUG: Crawled (200) <GET https://www.labirint.ru/books/689086/> (referer: https://www.labirint.ru/search/%D0%B4%D0%B5%D1%82%D0%B5%D0%BA%D1%82%D0%B8%D0%B2/?stype=0)
2020-08-08 17:07:01 [scrapy.core.engine] DEBUG: Crawled (200) <GET https://www.labirint.ru/books/627248/> (referer: https://www.labirint.ru/search/%D0%B4%D0%B5%D1%82%D0%B5%D0%BA%D1%82%D0%B8%D0%B2/?stype=0)
2020-08-08 17:07:02 [scrapy.core.engine] DEBUG: Crawled (200) <GET https://www.labirint.ru/books/703058/> (referer: https://www.labirint.ru/search/%D0%B4%D0%B5%D1%82%D0%B5%D0%BA%D1%82%D0%B8%D0%B2/?stype=0)
2020-08-08 17:07:04 [scrapy.core.engine] DEBUG: Crawled (200) <GET https://www.labirint.ru/books/679255/> (referer: https://www.labirint.ru/search/%D0%B4%D0%B5%D1%82%D0%B5%D0%BA%D1%82%D0%B8%D0%B2/?stype=0)
2020-08-08 17:07:05 [scrapy.core.engine] DEBUG: Crawled (200) <GET https://www.labirint.ru/books/689087/> (referer: https://www.labirint.ru/search/%D0%B4%D0%B5%D1%82%D0%B5%D0%BA%D1%82%D0%B8%D0%B2/?stype=0)
2020-08-08 17:07:06 [scrapy.core.engine] DEBUG: Crawled (200) <GET https://www.labirint.ru/books/645200/> (referer: https://www.labirint.ru/search/%D0%B4%D0%B5%D1%82%D0%B5%D0%BA%D1%82%D0%B8%D0%B2/?stype=0)
2020-08-08 17:07:07 [scrapy.core.engine] DEBUG: Crawled (200) <GET https://www.labirint.ru/books/715441/> (referer: https://www.labirint.ru/search/%D0%B4%D0%B5%D1%82%D0%B5%D0%BA%D1%82%D0%B8%D0%B2/?stype=0)
2020-08-08 17:07:08 [scrapy.core.engine] DEBUG: Crawled (200) <GET https://www.labirint.ru/books/726128/> (referer: https://www.labirint.ru/search/%D0%B4%D0%B5%D1%82%D0%B5%D0%BA%D1%82%D0%B8%D0%B2/?stype=0)
2020-08-08 17:07:09 [scrapy.core.engine] DEBUG: Crawled (200) <GET https://www.labirint.ru/books/743028/> (referer: https://www.labirint.ru/search/%D0%B4%D0%B5%D1%82%D0%B5%D0%BA%D1%82%D0%B8%D0%B2/?stype=0)
2020-08-08 17:07:11 [scrapy.core.engine] DEBUG: Crawled (200) <GET https://www.labirint.ru/books/757825/> (referer: https://www.labirint.ru/search/%D0%B4%D0%B5%D1%82%D0%B5%D0%BA%D1%82%D0%B8%D0%B2/?stype=0)
2020-08-08 17:07:12 [scrapy.extensions.logstats] INFO: Crawled 22 pages (at 22 pages/min), scraped 0 items (at 0 items/min)
2020-08-08 17:07:12 [scrapy.core.engine] DEBUG: Crawled (200) <GET https://www.labirint.ru/games/621878/> (referer: https://www.labirint.ru/search/%D0%B4%D0%B5%D1%82%D0%B5%D0%BA%D1%82%D0%B8%D0%B2/?stype=0)
2020-08-08 17:07:13 [scrapy.core.engine] DEBUG: Crawled (200) <GET https://www.labirint.ru/books/696551/> (referer: https://www.labirint.ru/search/%D0%B4%D0%B5%D1%82%D0%B5%D0%BA%D1%82%D0%B8%D0%B2/?stype=0)
2020-08-08 17:07:14 [scrapy.core.engine] DEBUG: Crawled (200) <GET https://www.labirint.ru/books/702268/> (referer: https://www.labirint.ru/search/%D0%B4%D0%B5%D1%82%D0%B5%D0%BA%D1%82%D0%B8%D0%B2/?stype=0)
2020-08-08 17:07:16 [scrapy.core.engine] DEBUG: Crawled (200) <GET https://www.labirint.ru/books/703641/> (referer: https://www.labirint.ru/search/%D0%B4%D0%B5%D1%82%D0%B5%D0%BA%D1%82%D0%B8%D0%B2/?stype=0)
2020-08-08 17:07:17 [scrapy.core.engine] DEBUG: Crawled (200) <GET https://www.labirint.ru/books/734340/> (referer: https://www.labirint.ru/search/%D0%B4%D0%B5%D1%82%D0%B5%D0%BA%D1%82%D0%B8%D0%B2/?stype=0)
2020-08-08 17:07:19 [scrapy.core.engine] DEBUG: Crawled (200) <GET https://www.labirint.ru/books/748317/> (referer: https://www.labirint.ru/search/%D0%B4%D0%B5%D1%82%D0%B5%D0%BA%D1%82%D0%B8%D0%B2/?stype=0)
2020-08-08 17:07:20 [scrapy.core.engine] DEBUG: Crawled (200) <GET https://www.labirint.ru/books/721585/> (referer: https://www.labirint.ru/search/%D0%B4%D0%B5%D1%82%D0%B5%D0%BA%D1%82%D0%B8%D0%B2/?stype=0)
2020-08-08 17:07:21 [scrapy.core.engine] DEBUG: Crawled (200) <GET https://www.labirint.ru/books/738493/> (referer: https://www.labirint.ru/search/%D0%B4%D0%B5%D1%82%D0%B5%D0%BA%D1%82%D0%B8%D0%B2/?stype=0)
2020-08-08 17:07:22 [scrapy.core.engine] DEBUG: Crawled (200) <GET https://www.labirint.ru/books/664060/> (referer: https://www.labirint.ru/search/%D0%B4%D0%B5%D1%82%D0%B5%D0%BA%D1%82%D0%B8%D0%B2/?stype=0)
2020-08-08 17:07:23 [scrapy.core.engine] DEBUG: Crawled (200) <GET https://www.labirint.ru/books/733416/> (referer: https://www.labirint.ru/search/%D0%B4%D0%B5%D1%82%D0%B5%D0%BA%D1%82%D0%B8%D0%B2/?stype=0)
2020-08-08 17:07:25 [scrapy.core.engine] DEBUG: Crawled (200) <GET https://www.labirint.ru/books/738475/> (referer: https://www.labirint.ru/search/%D0%B4%D0%B5%D1%82%D0%B5%D0%BA%D1%82%D0%B8%D0%B2/?stype=0)
2020-08-08 17:07:26 [scrapy.core.engine] DEBUG: Crawled (200) <GET https://www.labirint.ru/ebooks/10000285/> (referer: https://www.labirint.ru/search/%D0%B4%D0%B5%D1%82%D0%B5%D0%BA%D1%82%D0%B8%D0%B2/?stype=0)
2020-08-08 17:07:28 [scrapy.core.engine] DEBUG: Crawled (200) <GET https://www.labirint.ru/books/627884/> (referer: https://www.labirint.ru/search/%D0%B4%D0%B5%D1%82%D0%B5%D0%BA%D1%82%D0%B8%D0%B2/?stype=0)
2020-08-08 17:07:29 [scrapy.core.engine] DEBUG: Crawled (200) <GET https://www.labirint.ru/books/725481/> (referer: https://www.labirint.ru/search/%D0%B4%D0%B5%D1%82%D0%B5%D0%BA%D1%82%D0%B8%D0%B2/?stype=0)
2020-08-08 17:07:30 [scrapy.core.engine] DEBUG: Crawled (200) <GET https://www.labirint.ru/books/701109/> (referer: https://www.labirint.ru/search/%D0%B4%D0%B5%D1%82%D0%B5%D0%BA%D1%82%D0%B8%D0%B2/?stype=0)
2020-08-08 17:07:32 [scrapy.core.engine] DEBUG: Crawled (200) <GET https://www.labirint.ru/books/684808/> (referer: https://www.labirint.ru/search/%D0%B4%D0%B5%D1%82%D0%B5%D0%BA%D1%82%D0%B8%D0%B2/?stype=0)
2020-08-08 17:07:33 [scrapy.core.engine] DEBUG: Crawled (200) <GET https://www.labirint.ru/books/756266/> (referer: https://www.labirint.ru/search/%D0%B4%D0%B5%D1%82%D0%B5%D0%BA%D1%82%D0%B8%D0%B2/?stype=0)
2020-08-08 17:07:35 [scrapy.core.engine] DEBUG: Crawled (200) <GET https://www.labirint.ru/ebooks/10000308/> (referer: https://www.labirint.ru/search/%D0%B4%D0%B5%D1%82%D0%B5%D0%BA%D1%82%D0%B8%D0%B2/?stype=0)
2020-08-08 17:07:36 [scrapy.core.engine] DEBUG: Crawled (200) <GET https://www.labirint.ru/books/746181/> (referer: https://www.labirint.ru/search/%D0%B4%D0%B5%D1%82%D0%B5%D0%BA%D1%82%D0%B8%D0%B2/?stype=0)
2020-08-08 17:07:37 [scrapy.core.engine] DEBUG: Crawled (200) <GET https://www.labirint.ru/books/659402/> (referer: https://www.labirint.ru/search/%D0%B4%D0%B5%D1%82%D0%B5%D0%BA%D1%82%D0%B8%D0%B2/?stype=0)
2020-08-08 17:07:38 [scrapy.core.engine] DEBUG: Crawled (200) <GET https://www.labirint.ru/books/730461/> (referer: https://www.labirint.ru/search/%D0%B4%D0%B5%D1%82%D0%B5%D0%BA%D1%82%D0%B8%D0%B2/?stype=0)
2020-08-08 17:07:40 [scrapy.core.engine] DEBUG: Crawled (200) <GET https://www.labirint.ru/books/758903/> (referer: https://www.labirint.ru/search/%D0%B4%D0%B5%D1%82%D0%B5%D0%BA%D1%82%D0%B8%D0%B2/?stype=0)
2020-08-08 17:07:41 [scrapy.core.engine] DEBUG: Crawled (200) <GET https://www.labirint.ru/books/686389/> (referer: https://www.labirint.ru/search/%D0%B4%D0%B5%D1%82%D0%B5%D0%BA%D1%82%D0%B8%D0%B2/?stype=0)
2020-08-08 17:07:42 [scrapy.core.engine] DEBUG: Crawled (200) <GET https://www.labirint.ru/books/741365/> (referer: https://www.labirint.ru/search/%D0%B4%D0%B5%D1%82%D0%B5%D0%BA%D1%82%D0%B8%D0%B2/?stype=0)
2020-08-08 17:07:43 [scrapy.core.engine] DEBUG: Crawled (200) <GET https://www.labirint.ru/books/731497/> (referer: https://www.labirint.ru/search/%D0%B4%D0%B5%D1%82%D0%B5%D0%BA%D1%82%D0%B8%D0%B2/?stype=0)
2020-08-08 17:07:44 [scrapy.core.engine] DEBUG: Crawled (200) <GET https://www.labirint.ru/books/568816/> (referer: https://www.labirint.ru/search/%D0%B4%D0%B5%D1%82%D0%B5%D0%BA%D1%82%D0%B8%D0%B2/?stype=0)
2020-08-08 17:07:45 [scrapy.core.engine] DEBUG: Crawled (200) <GET https://www.labirint.ru/books/593391/> (referer: https://www.labirint.ru/search/%D0%B4%D0%B5%D1%82%D0%B5%D0%BA%D1%82%D0%B8%D0%B2/?stype=0)
2020-08-08 17:07:46 [scrapy.core.engine] DEBUG: Crawled (200) <GET https://www.labirint.ru/books/86120/> (referer: https://www.labirint.ru/search/%D0%B4%D0%B5%D1%82%D0%B5%D0%BA%D1%82%D0%B8%D0%B2/?stype=0)
2020-08-08 17:07:47 [scrapy.core.engine] DEBUG: Crawled (200) <GET https://www.labirint.ru/ebooks/10000162/> (referer: https://www.labirint.ru/search/%D0%B4%D0%B5%D1%82%D0%B5%D0%BA%D1%82%D0%B8%D0%B2/?stype=0)
2020-08-08 17:07:48 [scrapy.core.engine] DEBUG: Crawled (200) <GET https://www.labirint.ru/books/553772/> (referer: https://www.labirint.ru/search/%D0%B4%D0%B5%D1%82%D0%B5%D0%BA%D1%82%D0%B8%D0%B2/?stype=0)
2020-08-08 17:07:50 [scrapy.core.engine] DEBUG: Crawled (200) <GET https://www.labirint.ru/books/752250/> (referer: https://www.labirint.ru/search/%D0%B4%D0%B5%D1%82%D0%B5%D0%BA%D1%82%D0%B8%D0%B2/?stype=0)
2020-08-08 17:07:51 [scrapy.core.engine] DEBUG: Crawled (200) <GET https://www.labirint.ru/books/684606/> (referer: https://www.labirint.ru/search/%D0%B4%D0%B5%D1%82%D0%B5%D0%BA%D1%82%D0%B8%D0%B2/?stype=0)
2020-08-08 17:07:52 [scrapy.core.engine] DEBUG: Crawled (200) <GET https://www.labirint.ru/books/745761/> (referer: https://www.labirint.ru/search/%D0%B4%D0%B5%D1%82%D0%B5%D0%BA%D1%82%D0%B8%D0%B2/?stype=0)
2020-08-08 17:07:53 [scrapy.core.engine] DEBUG: Crawled (200) <GET https://www.labirint.ru/books/600637/> (referer: https://www.labirint.ru/search/%D0%B4%D0%B5%D1%82%D0%B5%D0%BA%D1%82%D0%B8%D0%B2/?stype=0)
2020-08-08 17:07:54 [scrapy.core.engine] DEBUG: Crawled (200) <GET https://www.labirint.ru/books/726374/> (referer: https://www.labirint.ru/search/%D0%B4%D0%B5%D1%82%D0%B5%D0%BA%D1%82%D0%B8%D0%B2/?stype=0)
2020-08-08 17:07:56 [scrapy.core.engine] DEBUG: Crawled (200) <GET https://www.labirint.ru/books/679254/> (referer: https://www.labirint.ru/search/%D0%B4%D0%B5%D1%82%D0%B5%D0%BA%D1%82%D0%B8%D0%B2/?stype=0)
2020-08-08 17:07:57 [scrapy.core.engine] DEBUG: Crawled (200) <GET https://www.labirint.ru/books/699096/> (referer: https://www.labirint.ru/search/%D0%B4%D0%B5%D1%82%D0%B5%D0%BA%D1%82%D0%B8%D0%B2/?stype=0)
2020-08-08 17:07:58 [scrapy.core.engine] DEBUG: Crawled (200) <GET https://www.labirint.ru/books/695069/> (referer: https://www.labirint.ru/search/%D0%B4%D0%B5%D1%82%D0%B5%D0%BA%D1%82%D0%B8%D0%B2/?stype=0)
2020-08-08 17:08:00 [scrapy.core.engine] DEBUG: Crawled (200) <GET https://www.labirint.ru/books/685306/> (referer: https://www.labirint.ru/search/%D0%B4%D0%B5%D1%82%D0%B5%D0%BA%D1%82%D0%B8%D0%B2/?stype=0)
2020-08-08 17:08:01 [scrapy.core.engine] DEBUG: Crawled (200) <GET https://www.labirint.ru/books/675491/> (referer: https://www.labirint.ru/search/%D0%B4%D0%B5%D1%82%D0%B5%D0%BA%D1%82%D0%B8%D0%B2/?stype=0)
2020-08-08 17:08:01 [scrapy.core.engine] INFO: Closing spider (finished)
2020-08-08 17:08:01 [scrapy.statscollectors] INFO: Dumping Scrapy stats:
{'downloader/request_bytes': 33366,
 'downloader/request_count': 62,
 'downloader/request_method_count/GET': 62,
 'downloader/response_bytes': 4257986,
 'downloader/response_count': 62,
 'downloader/response_status_count/200': 62,
 'elapsed_time_seconds': 109.572339,
 'finish_reason': 'finished',
 'finish_time': datetime.datetime(2020, 8, 8, 10, 8, 1, 792012),
 'log_count/DEBUG': 62,
 'log_count/ERROR': 1,
 'log_count/INFO': 11,
 'request_depth_max': 1,
 'response_received_count': 62,
 'scheduler/dequeued': 62,
 'scheduler/dequeued/memory': 62,
 'scheduler/enqueued': 62,
 'scheduler/enqueued/memory': 62,
 'spider_exceptions/IndentationError': 1,
 'start_time': datetime.datetime(2020, 8, 8, 10, 6, 12, 219673)}
2020-08-08 17:08:01 [scrapy.core.engine] INFO: Spider closed (finished)
2020-08-08 18:03:42 [scrapy.utils.log] INFO: Scrapy 2.3.0 started (bot: bookparser)
2020-08-08 18:03:42 [scrapy.utils.log] INFO: Versions: lxml 4.5.2.0, libxml2 2.9.5, cssselect 1.1.0, parsel 1.6.0, w3lib 1.22.0, Twisted 20.3.0, Python 3.8.3 (tags/v3.8.3:6f8c832, May 13 2020, 22:37:02) [MSC v.1924 64 bit (AMD64)], pyOpenSSL 19.1.0 (OpenSSL 1.1.1g  21 Apr 2020), cryptography 3.0, Platform Windows-10-10.0.18362-SP0
2020-08-08 18:03:42 [scrapy.utils.log] DEBUG: Using reactor: twisted.internet.selectreactor.SelectReactor
2020-08-08 18:03:42 [scrapy.crawler] INFO: Overridden settings:
{'BOT_NAME': 'bookparser',
 'DOWNLOAD_DELAY': 1,
 'LOG_FILE': 'bookparse_log.txt',
 'NEWSPIDER_MODULE': 'bookparser.spiders',
 'SPIDER_MODULES': ['bookparser.spiders'],
 'USER_AGENT': 'Mozilla/5.0 (Windows NT 10.0; Win64; x64) AppleWebKit/537.36 '
               '(KHTML, like Gecko) Chrome/84.0.4147.105 Safari/537.36'}
2020-08-08 18:03:42 [scrapy.extensions.telnet] INFO: Telnet Password: 7f2eddc6aa24a631
2020-08-08 18:03:42 [scrapy.middleware] INFO: Enabled extensions:
['scrapy.extensions.corestats.CoreStats',
 'scrapy.extensions.telnet.TelnetConsole',
 'scrapy.extensions.logstats.LogStats']
2020-08-08 18:03:42 [scrapy.middleware] INFO: Enabled downloader middlewares:
['scrapy.downloadermiddlewares.httpauth.HttpAuthMiddleware',
 'scrapy.downloadermiddlewares.downloadtimeout.DownloadTimeoutMiddleware',
 'scrapy.downloadermiddlewares.defaultheaders.DefaultHeadersMiddleware',
 'scrapy.downloadermiddlewares.useragent.UserAgentMiddleware',
 'scrapy.downloadermiddlewares.retry.RetryMiddleware',
 'scrapy.downloadermiddlewares.redirect.MetaRefreshMiddleware',
 'scrapy.downloadermiddlewares.httpcompression.HttpCompressionMiddleware',
 'scrapy.downloadermiddlewares.redirect.RedirectMiddleware',
 'scrapy.downloadermiddlewares.cookies.CookiesMiddleware',
 'scrapy.downloadermiddlewares.httpproxy.HttpProxyMiddleware',
 'scrapy.downloadermiddlewares.stats.DownloaderStats']
2020-08-08 18:03:42 [scrapy.middleware] INFO: Enabled spider middlewares:
['scrapy.spidermiddlewares.httperror.HttpErrorMiddleware',
 'scrapy.spidermiddlewares.offsite.OffsiteMiddleware',
 'scrapy.spidermiddlewares.referer.RefererMiddleware',
 'scrapy.spidermiddlewares.urllength.UrlLengthMiddleware',
 'scrapy.spidermiddlewares.depth.DepthMiddleware']
2020-08-08 18:03:42 [scrapy.middleware] INFO: Enabled item pipelines:
[]
2020-08-08 18:03:42 [scrapy.core.engine] INFO: Spider opened
2020-08-08 18:03:42 [scrapy.extensions.logstats] INFO: Crawled 0 pages (at 0 pages/min), scraped 0 items (at 0 items/min)
2020-08-08 18:03:42 [scrapy.extensions.telnet] INFO: Telnet console listening on 127.0.0.1:6023
2020-08-08 18:03:43 [scrapy.core.engine] DEBUG: Crawled (200) <GET https://www.labirint.ru/search/%D0%B4%D0%B5%D1%82%D0%B5%D0%BA%D1%82%D0%B8%D0%B2/?stype=0> (referer: None)
2020-08-08 18:04:01 [scrapy.core.engine] DEBUG: Crawled (200) <GET https://www.labirint.ru/search/%D0%B4%D0%B5%D1%82%D0%B5%D0%BA%D1%82%D0%B8%D0%B2/?stype=0&page=2> (referer: https://www.labirint.ru/search/%D0%B4%D0%B5%D1%82%D0%B5%D0%BA%D1%82%D0%B8%D0%B2/?stype=0)
2020-08-08 18:04:02 [scrapy.core.scraper] ERROR: Spider error processing <GET https://www.labirint.ru/search/%D0%B4%D0%B5%D1%82%D0%B5%D0%BA%D1%82%D0%B8%D0%B2/?stype=0&page=2> (referer: https://www.labirint.ru/search/%D0%B4%D0%B5%D1%82%D0%B5%D0%BA%D1%82%D0%B8%D0%B2/?stype=0)
Traceback (most recent call last):
  File "D:\NNN\GeekBrains\DataParsing\DataParsing\lesson6\venv\lib\site-packages\twisted\internet\defer.py", line 1418, in _inlineCallbacks
    result = g.send(result)
StopIteration: <200 https://www.labirint.ru/search/%D0%B4%D0%B5%D1%82%D0%B5%D0%BA%D1%82%D0%B8%D0%B2/?stype=0&page=2>

During handling of the above exception, another exception occurred:

Traceback (most recent call last):
  File "D:\NNN\GeekBrains\DataParsing\DataParsing\lesson6\venv\lib\site-packages\scrapy\utils\defer.py", line 55, in mustbe_deferred
    result = f(*args, **kw)
  File "D:\NNN\GeekBrains\DataParsing\DataParsing\lesson6\venv\lib\site-packages\scrapy\core\spidermw.py", line 60, in process_spider_input
    return scrape_func(response, request, spider)
  File "D:\NNN\GeekBrains\DataParsing\DataParsing\lesson6\venv\lib\site-packages\scrapy\core\scraper.py", line 152, in call_spider
    warn_on_generator_with_return_value(spider, callback)
  File "D:\NNN\GeekBrains\DataParsing\DataParsing\lesson6\venv\lib\site-packages\scrapy\utils\misc.py", line 218, in warn_on_generator_with_return_value
    if is_generator_with_return_value(callable):
  File "D:\NNN\GeekBrains\DataParsing\DataParsing\lesson6\venv\lib\site-packages\scrapy\utils\misc.py", line 203, in is_generator_with_return_value
    tree = ast.parse(dedent(inspect.getsource(callable)))
  File "C:\Users\n_ned\AppData\Local\Programs\Python\Python38\lib\ast.py", line 47, in parse
    return compile(source, filename, mode, flags,
  File "<unknown>", line 1
    def parse(self, response:HtmlResponse):
    ^
IndentationError: unexpected indent
2020-08-08 18:04:02 [scrapy.core.engine] INFO: Closing spider (finished)
2020-08-08 18:04:02 [scrapy.statscollectors] INFO: Dumping Scrapy stats:
{'downloader/request_bytes': 958,
 'downloader/request_count': 2,
 'downloader/request_method_count/GET': 2,
 'downloader/response_bytes': 171488,
 'downloader/response_count': 2,
 'downloader/response_status_count/200': 2,
 'elapsed_time_seconds': 19.573192,
 'finish_reason': 'finished',
 'finish_time': datetime.datetime(2020, 8, 8, 11, 4, 2, 202942),
 'log_count/DEBUG': 2,
 'log_count/ERROR': 1,
 'log_count/INFO': 10,
 'request_depth_max': 1,
 'response_received_count': 2,
 'scheduler/dequeued': 2,
 'scheduler/dequeued/memory': 2,
 'scheduler/enqueued': 2,
 'scheduler/enqueued/memory': 2,
 'spider_exceptions/IndentationError': 1,
 'start_time': datetime.datetime(2020, 8, 8, 11, 3, 42, 629750)}
2020-08-08 18:04:02 [scrapy.core.engine] INFO: Spider closed (finished)
